2024-11-14 11:49:20 | INFO | 데이터 저장 완료: serial_id: 19020 시리얼=308
2024-11-14 12:35:03 | INFO | No Data from first serial No: 1902100047. Skipping...
2024-11-14 12:35:03 | INFO | serial_id: 19021 valid 시리얼 없음
2024-11-14 12:37:01 | INFO | 데이터 저장 완료: serial_id: 19032 최종 valid 시리얼: 1 최종 시리얼 ID: 190321 시도 횟수: 17
2024-11-14 12:37:01 | INFO | update_car_inpection_patrol_result updated target_valid_id: 1, inspection_site_id: 14, target_id: 1
2024-11-14 12:46:50 | INFO | 데이터 저장 완료: serial_id: 19032 최종 valid 시리얼: 6898 최종 시리얼 ID: 190326898 시도 횟수: 18
2024-11-14 12:46:50 | INFO | update_car_inpection_patrol_result updated target_valid_id: 6898, inspection_site_id: 14, target_id: 1
2024-11-14 12:53:53 | INFO | 데이터 저장 완료: serial_id: 19032 최종 valid 시리얼: 6898 최종 시리얼 ID: 190326898 시도 횟수: 18
2024-11-14 12:53:54 | INFO | update_car_inpection_patrol_result updated target_valid_id: 6898, inspection_site_id: 14, target_id: 19032
2024-11-14 12:55:41 | INFO | 데이터 저장 완료: serial_id: 19034 최종 valid 시리얼: 6503 최종 시리얼 ID: 190346503 시도 횟수: 17
2024-11-14 12:55:41 | INFO | update_car_inpection_patrol_result updated target_valid_id: 6503, inspection_site_id: 14, target_id: 19034
2024-11-14 13:06:28 | INFO | No Data from first serial No: 1906900047. Skipping...
2024-11-14 13:06:28 | INFO | serial_id: 19069 valid 시리얼 없음
2024-11-14 13:06:28 | INFO | No Data from first serial No: 1907000047. Skipping...
2024-11-14 13:06:28 | INFO | serial_id: 19070 valid 시리얼 없음
2024-11-14 13:06:28 | INFO | No Data from first serial No: 1907100047. Skipping...
2024-11-14 13:06:28 | INFO | serial_id: 19071 valid 시리얼 없음
2024-11-14 13:06:28 | INFO | No Data from first serial No: 1907200047. Skipping...
2024-11-14 13:06:28 | INFO | serial_id: 19072 valid 시리얼 없음
2024-11-14 13:06:28 | INFO | No Data from first serial No: 1907300047. Skipping...
2024-11-14 13:06:28 | INFO | serial_id: 19073 valid 시리얼 없음
2024-11-14 13:06:28 | INFO | No Data from first serial No: 1907400047. Skipping...
2024-11-14 13:06:28 | INFO | serial_id: 19074 valid 시리얼 없음
2024-11-14 13:06:28 | INFO | No Data from first serial No: 1907500047. Skipping...
2024-11-14 13:06:28 | INFO | serial_id: 19075 valid 시리얼 없음
2024-11-14 13:06:29 | INFO | No Data from first serial No: 1907600047. Skipping...
2024-11-14 13:06:29 | INFO | serial_id: 19076 valid 시리얼 없음
2024-11-14 13:06:29 | INFO | No Data from first serial No: 1907700047. Skipping...
2024-11-14 13:06:29 | INFO | serial_id: 19077 valid 시리얼 없음
2024-11-14 13:06:29 | INFO | No Data from first serial No: 1907800047. Skipping...
2024-11-14 13:06:29 | INFO | serial_id: 19078 valid 시리얼 없음
2024-11-14 13:06:29 | INFO | No Data from first serial No: 1907900047. Skipping...
2024-11-14 13:06:29 | INFO | serial_id: 19079 valid 시리얼 없음
2024-11-14 13:07:50 | INFO | 데이터 저장 완료: serial_id: 19080 최종 valid 시리얼: 130 최종 시리얼 ID: 19080130 시도 횟수: 17
2024-11-14 13:07:50 | INFO | update_car_inpection_patrol_result updated target_valid_id: 130, inspection_site_id: 14, target_id: 19080
2024-11-14 13:27:15 | INFO | No Data from first serial No: 1908100047. Skipping...
2024-11-14 13:27:20 | INFO | serial_id: 19081 valid 시리얼 없음
2024-11-14 13:27:22 | INFO | No Data from first serial No: 1908200047. Skipping...
2024-11-14 13:27:27 | INFO | serial_id: 19082 valid 시리얼 없음
2024-11-14 13:27:29 | INFO | No Data from first serial No: 1908300047. Skipping...
2024-11-14 13:27:34 | INFO | serial_id: 19083 valid 시리얼 없음
2024-11-14 13:27:36 | INFO | No Data from first serial No: 1908400047. Skipping...
2024-11-14 13:27:41 | INFO | serial_id: 19084 valid 시리얼 없음
2024-11-14 13:27:44 | INFO | No Data from first serial No: 1908500047. Skipping...
2024-11-14 13:27:49 | INFO | serial_id: 19085 valid 시리얼 없음
2024-11-14 13:27:51 | INFO | No Data from first serial No: 1908600047. Skipping...
2024-11-14 13:27:56 | INFO | serial_id: 19086 valid 시리얼 없음
2024-11-14 13:27:58 | INFO | No Data from first serial No: 1908700047. Skipping...
2024-11-14 13:28:03 | INFO | serial_id: 19087 valid 시리얼 없음
2024-11-14 13:28:05 | INFO | No Data from first serial No: 1908800047. Skipping...
2024-11-14 13:28:10 | INFO | serial_id: 19088 valid 시리얼 없음
2024-11-14 13:28:14 | INFO | No Data from first serial No: 1908900047. Skipping...
2024-11-14 13:28:19 | INFO | serial_id: 19089 valid 시리얼 없음
2024-11-14 13:28:21 | INFO | No Data from first serial No: 1909000047. Skipping...
2024-11-14 13:28:26 | INFO | serial_id: 19090 valid 시리얼 없음
2024-11-14 13:28:28 | INFO | No Data from first serial No: 1909100047. Skipping...
2024-11-14 13:28:33 | INFO | serial_id: 19091 valid 시리얼 없음
2024-11-14 13:28:35 | INFO | No Data from first serial No: 1909200047. Skipping...
2024-11-14 13:28:40 | INFO | serial_id: 19092 valid 시리얼 없음
2024-11-14 13:28:42 | INFO | No Data from first serial No: 1909300047. Skipping...
2024-11-14 13:28:47 | INFO | serial_id: 19093 valid 시리얼 없음
2024-11-14 13:28:50 | INFO | No Data from first serial No: 1909400047. Skipping...
2024-11-14 13:28:55 | INFO | serial_id: 19094 valid 시리얼 없음
2024-11-14 13:28:57 | INFO | No Data from first serial No: 1909500047. Skipping...
2024-11-14 13:29:02 | INFO | serial_id: 19095 valid 시리얼 없음
2024-11-14 13:29:04 | INFO | No Data from first serial No: 1909600047. Skipping...
2024-11-14 13:29:09 | INFO | serial_id: 19096 valid 시리얼 없음
2024-11-14 13:29:11 | INFO | No Data from first serial No: 1909700047. Skipping...
2024-11-14 13:29:16 | INFO | serial_id: 19097 valid 시리얼 없음
2024-11-14 13:29:19 | INFO | No Data from first serial No: 1909800047. Skipping...
2024-11-14 13:29:24 | INFO | serial_id: 19098 valid 시리얼 없음
2024-11-14 13:29:26 | INFO | No Data from first serial No: 1909900047. Skipping...
2024-11-14 13:29:31 | INFO | serial_id: 19099 valid 시리얼 없음
2024-11-14 13:29:33 | INFO | No Data from first serial No: 1910000047. Skipping...
2024-11-14 13:29:38 | INFO | serial_id: 19100 valid 시리얼 없음
2024-11-14 13:29:40 | INFO | No Data from first serial No: 1910100047. Skipping...
2024-11-14 13:29:45 | INFO | serial_id: 19101 valid 시리얼 없음
2024-11-14 13:29:48 | INFO | No Data from first serial No: 1910200047. Skipping...
2024-11-14 13:29:53 | INFO | serial_id: 19102 valid 시리얼 없음
2024-11-14 13:29:55 | INFO | No Data from first serial No: 1910300047. Skipping...
2024-11-14 13:30:00 | INFO | serial_id: 19103 valid 시리얼 없음
2024-11-14 13:30:02 | INFO | No Data from first serial No: 1910400047. Skipping...
2024-11-14 13:30:07 | INFO | serial_id: 19104 valid 시리얼 없음
2024-11-14 13:30:09 | INFO | No Data from first serial No: 1910500047. Skipping...
2024-11-14 13:30:14 | INFO | serial_id: 19105 valid 시리얼 없음
2024-11-14 13:30:16 | INFO | No Data from first serial No: 1910600047. Skipping...
2024-11-14 13:30:21 | INFO | serial_id: 19106 valid 시리얼 없음
2024-11-14 13:30:24 | INFO | No Data from first serial No: 1910700047. Skipping...
2024-11-14 13:30:29 | INFO | serial_id: 19107 valid 시리얼 없음
2024-11-14 13:30:31 | INFO | No Data from first serial No: 1910800047. Skipping...
2024-11-14 13:30:36 | INFO | serial_id: 19108 valid 시리얼 없음
2024-11-14 13:30:38 | INFO | No Data from first serial No: 1910900047. Skipping...
2024-11-14 13:30:43 | INFO | serial_id: 19109 valid 시리얼 없음
2024-11-14 13:30:45 | INFO | No Data from first serial No: 1911000047. Skipping...
2024-11-14 13:30:50 | INFO | serial_id: 19110 valid 시리얼 없음
2024-11-14 13:30:53 | INFO | No Data from first serial No: 1911100047. Skipping...
2024-11-14 13:30:58 | INFO | serial_id: 19111 valid 시리얼 없음
2024-11-14 13:31:00 | INFO | No Data from first serial No: 1911200047. Skipping...
2024-11-14 13:31:05 | INFO | serial_id: 19112 valid 시리얼 없음
2024-11-14 13:31:07 | INFO | No Data from first serial No: 1911300047. Skipping...
2024-11-14 13:31:12 | INFO | serial_id: 19113 valid 시리얼 없음
2024-11-14 13:31:14 | INFO | No Data from first serial No: 1911400047. Skipping...
2024-11-14 13:31:19 | INFO | serial_id: 19114 valid 시리얼 없음
2024-11-14 13:31:22 | INFO | No Data from first serial No: 1911500047. Skipping...
2024-11-14 13:31:27 | INFO | serial_id: 19115 valid 시리얼 없음
2024-11-14 13:31:29 | INFO | No Data from first serial No: 1911600047. Skipping...
2024-11-14 13:31:34 | INFO | serial_id: 19116 valid 시리얼 없음
2024-11-14 13:31:36 | INFO | No Data from first serial No: 1911700047. Skipping...
2024-11-14 13:31:41 | INFO | serial_id: 19117 valid 시리얼 없음
2024-11-14 13:31:43 | INFO | No Data from first serial No: 1911800047. Skipping...
2024-11-14 13:31:48 | INFO | serial_id: 19118 valid 시리얼 없음
2024-11-14 13:31:50 | INFO | No Data from first serial No: 1911900047. Skipping...
2024-11-14 13:31:55 | INFO | serial_id: 19119 valid 시리얼 없음
2024-11-14 13:31:58 | INFO | No Data from first serial No: 1912000047. Skipping...
2024-11-14 13:32:03 | INFO | serial_id: 19120 valid 시리얼 없음
2024-11-14 13:32:05 | INFO | No Data from first serial No: 1912100047. Skipping...
2024-11-14 13:32:10 | INFO | serial_id: 19121 valid 시리얼 없음
2024-11-14 13:32:12 | INFO | No Data from first serial No: 1912200047. Skipping...
2024-11-14 13:32:17 | INFO | serial_id: 19122 valid 시리얼 없음
2024-11-14 13:32:19 | INFO | No Data from first serial No: 1912300047. Skipping...
2024-11-14 13:32:24 | INFO | serial_id: 19123 valid 시리얼 없음
2024-11-14 13:32:26 | INFO | No Data from first serial No: 1912400047. Skipping...
2024-11-14 13:32:31 | INFO | serial_id: 19124 valid 시리얼 없음
2024-11-14 13:32:34 | INFO | No Data from first serial No: 1912500047. Skipping...
2024-11-14 13:32:39 | INFO | serial_id: 19125 valid 시리얼 없음
2024-11-14 13:32:41 | INFO | No Data from first serial No: 1912600047. Skipping...
2024-11-14 13:32:46 | INFO | serial_id: 19126 valid 시리얼 없음
2024-11-14 13:32:48 | INFO | No Data from first serial No: 1912700047. Skipping...
2024-11-14 13:32:53 | INFO | serial_id: 19127 valid 시리얼 없음
2024-11-14 13:32:55 | INFO | No Data from first serial No: 1912800047. Skipping...
2024-11-14 13:33:00 | INFO | serial_id: 19128 valid 시리얼 없음
2024-11-14 13:33:03 | INFO | No Data from first serial No: 1912900047. Skipping...
2024-11-14 13:33:08 | INFO | serial_id: 19129 valid 시리얼 없음
2024-11-14 13:33:10 | INFO | No Data from first serial No: 1913000047. Skipping...
2024-11-14 13:33:15 | INFO | serial_id: 19130 valid 시리얼 없음
2024-11-14 13:33:17 | INFO | No Data from first serial No: 1913100047. Skipping...
2024-11-14 13:33:22 | INFO | serial_id: 19131 valid 시리얼 없음
2024-11-14 13:33:24 | INFO | No Data from first serial No: 1913200047. Skipping...
2024-11-14 13:33:29 | INFO | serial_id: 19132 valid 시리얼 없음
2024-11-14 13:33:31 | INFO | No Data from first serial No: 1913300047. Skipping...
2024-11-14 13:33:36 | INFO | serial_id: 19133 valid 시리얼 없음
2024-11-14 13:33:39 | INFO | No Data from first serial No: 1913400047. Skipping...
2024-11-14 13:33:44 | INFO | serial_id: 19134 valid 시리얼 없음
2024-11-14 13:33:46 | INFO | No Data from first serial No: 1913500047. Skipping...
2024-11-14 13:33:51 | INFO | serial_id: 19135 valid 시리얼 없음
2024-11-14 13:33:53 | INFO | No Data from first serial No: 1913600047. Skipping...
2024-11-14 13:33:58 | INFO | serial_id: 19136 valid 시리얼 없음
2024-11-14 13:34:00 | INFO | No Data from first serial No: 1913700047. Skipping...
2024-11-14 13:34:05 | INFO | serial_id: 19137 valid 시리얼 없음
2024-11-14 13:34:08 | INFO | No Data from first serial No: 1913800047. Skipping...
2024-11-14 13:34:13 | INFO | serial_id: 19138 valid 시리얼 없음
2024-11-14 13:34:15 | INFO | No Data from first serial No: 1913900047. Skipping...
2024-11-14 13:34:20 | INFO | serial_id: 19139 valid 시리얼 없음
2024-11-14 13:34:22 | INFO | No Data from first serial No: 1914000047. Skipping...
2024-11-14 13:34:27 | INFO | serial_id: 19140 valid 시리얼 없음
2024-11-14 13:34:29 | INFO | No Data from first serial No: 1914100047. Skipping...
2024-11-14 13:34:34 | INFO | serial_id: 19141 valid 시리얼 없음
2024-11-14 13:34:36 | INFO | No Data from first serial No: 1914200047. Skipping...
2024-11-14 13:34:41 | INFO | serial_id: 19142 valid 시리얼 없음
2024-11-14 13:34:44 | INFO | No Data from first serial No: 1914300047. Skipping...
2024-11-14 13:34:49 | INFO | serial_id: 19143 valid 시리얼 없음
2024-11-14 13:34:51 | INFO | No Data from first serial No: 1914400047. Skipping...
2024-11-14 13:34:56 | INFO | serial_id: 19144 valid 시리얼 없음
2024-11-14 13:34:58 | INFO | No Data from first serial No: 1914500047. Skipping...
2024-11-14 13:35:03 | INFO | serial_id: 19145 valid 시리얼 없음
2024-11-14 13:35:05 | INFO | No Data from first serial No: 1914600047. Skipping...
2024-11-14 13:35:10 | INFO | serial_id: 19146 valid 시리얼 없음
2024-11-14 13:35:13 | INFO | No Data from first serial No: 1914700047. Skipping...
2024-11-14 13:35:18 | INFO | serial_id: 19147 valid 시리얼 없음
2024-11-14 13:35:20 | INFO | No Data from first serial No: 1914800047. Skipping...
2024-11-14 13:35:25 | INFO | serial_id: 19148 valid 시리얼 없음
2024-11-14 13:35:27 | INFO | No Data from first serial No: 1914900047. Skipping...
2024-11-14 13:35:32 | INFO | serial_id: 19149 valid 시리얼 없음
2024-11-14 13:35:34 | INFO | No Data from first serial No: 1915000047. Skipping...
2024-11-14 13:35:39 | INFO | serial_id: 19150 valid 시리얼 없음
2024-11-14 13:35:42 | INFO | No Data from first serial No: 1915100047. Skipping...
2024-11-14 13:35:47 | INFO | serial_id: 19151 valid 시리얼 없음
2024-11-14 13:35:49 | INFO | No Data from first serial No: 1915200047. Skipping...
2024-11-14 13:35:54 | INFO | serial_id: 19152 valid 시리얼 없음
2024-11-14 13:35:56 | INFO | No Data from first serial No: 1915300047. Skipping...
2024-11-14 13:36:01 | INFO | serial_id: 19153 valid 시리얼 없음
2024-11-14 13:36:03 | INFO | No Data from first serial No: 1915400047. Skipping...
2024-11-14 13:36:08 | INFO | serial_id: 19154 valid 시리얼 없음
2024-11-14 13:36:11 | INFO | No Data from first serial No: 1915500047. Skipping...
2024-11-14 13:36:16 | INFO | serial_id: 19155 valid 시리얼 없음
2024-11-14 13:36:18 | INFO | No Data from first serial No: 1915600047. Skipping...
2024-11-14 13:36:23 | INFO | serial_id: 19156 valid 시리얼 없음
2024-11-14 13:36:26 | INFO | No Data from first serial No: 1915700047. Skipping...
2024-11-14 13:36:31 | INFO | serial_id: 19157 valid 시리얼 없음
2024-11-14 13:36:33 | INFO | No Data from first serial No: 1915800047. Skipping...
2024-11-14 13:36:38 | INFO | serial_id: 19158 valid 시리얼 없음
2024-11-14 13:36:40 | INFO | No Data from first serial No: 1915900047. Skipping...
2024-11-14 13:36:45 | INFO | serial_id: 19159 valid 시리얼 없음
2024-11-14 13:36:48 | INFO | No Data from first serial No: 1916000047. Skipping...
2024-11-14 13:36:53 | INFO | serial_id: 19160 valid 시리얼 없음
2024-11-14 13:36:55 | INFO | No Data from first serial No: 1916100047. Skipping...
2024-11-14 13:37:00 | INFO | serial_id: 19161 valid 시리얼 없음
2024-11-14 13:37:02 | INFO | No Data from first serial No: 1916200047. Skipping...
2024-11-14 13:37:07 | INFO | serial_id: 19162 valid 시리얼 없음
2024-11-14 13:37:09 | INFO | No Data from first serial No: 1916300047. Skipping...
2024-11-14 13:37:14 | INFO | serial_id: 19163 valid 시리얼 없음
2024-11-14 13:37:16 | INFO | No Data from first serial No: 1916400047. Skipping...
2024-11-14 13:37:21 | INFO | serial_id: 19164 valid 시리얼 없음
2024-11-14 13:37:23 | INFO | No Data from first serial No: 1916500047. Skipping...
2024-11-14 13:37:28 | INFO | serial_id: 19165 valid 시리얼 없음
2024-11-14 13:37:31 | INFO | No Data from first serial No: 1916600047. Skipping...
2024-11-14 13:37:36 | INFO | serial_id: 19166 valid 시리얼 없음
2024-11-14 13:37:38 | INFO | No Data from first serial No: 1916700047. Skipping...
2024-11-14 13:37:43 | INFO | serial_id: 19167 valid 시리얼 없음
2024-11-14 13:37:45 | INFO | No Data from first serial No: 1916800047. Skipping...
2024-11-14 13:37:50 | INFO | serial_id: 19168 valid 시리얼 없음
2024-11-14 13:37:52 | INFO | No Data from first serial No: 1916900047. Skipping...
2024-11-14 13:37:57 | INFO | serial_id: 19169 valid 시리얼 없음
2024-11-14 13:38:00 | INFO | No Data from first serial No: 1917000047. Skipping...
2024-11-14 13:38:05 | INFO | serial_id: 19170 valid 시리얼 없음
2024-11-14 13:38:07 | INFO | No Data from first serial No: 1917100047. Skipping...
2024-11-14 13:38:12 | INFO | serial_id: 19171 valid 시리얼 없음
2024-11-14 13:38:14 | INFO | No Data from first serial No: 1917200047. Skipping...
2024-11-14 13:38:19 | INFO | serial_id: 19172 valid 시리얼 없음
2024-11-14 13:38:21 | INFO | No Data from first serial No: 1917300047. Skipping...
2024-11-14 13:38:26 | INFO | serial_id: 19173 valid 시리얼 없음
2024-11-14 13:38:28 | INFO | No Data from first serial No: 1917400047. Skipping...
2024-11-14 13:38:33 | INFO | serial_id: 19174 valid 시리얼 없음
2024-11-14 13:38:36 | INFO | No Data from first serial No: 1917500047. Skipping...
2024-11-14 13:38:41 | INFO | serial_id: 19175 valid 시리얼 없음
2024-11-14 13:38:43 | INFO | No Data from first serial No: 1917600047. Skipping...
2024-11-14 13:38:48 | INFO | serial_id: 19176 valid 시리얼 없음
2024-11-14 13:38:50 | INFO | No Data from first serial No: 1917700047. Skipping...
2024-11-14 13:38:55 | INFO | serial_id: 19177 valid 시리얼 없음
2024-11-14 13:38:57 | INFO | No Data from first serial No: 1917800047. Skipping...
2024-11-14 13:39:02 | INFO | serial_id: 19178 valid 시리얼 없음
2024-11-14 13:39:04 | INFO | No Data from first serial No: 1917900047. Skipping...
2024-11-14 13:39:09 | INFO | serial_id: 19179 valid 시리얼 없음
2024-11-14 13:39:12 | INFO | No Data from first serial No: 1918000047. Skipping...
2024-11-14 13:39:17 | INFO | serial_id: 19180 valid 시리얼 없음
2024-11-14 13:39:19 | INFO | No Data from first serial No: 1918100047. Skipping...
2024-11-14 13:39:24 | INFO | serial_id: 19181 valid 시리얼 없음
2024-11-14 13:39:26 | INFO | No Data from first serial No: 1918200047. Skipping...
2024-11-14 13:39:31 | INFO | serial_id: 19182 valid 시리얼 없음
2024-11-14 13:39:33 | INFO | No Data from first serial No: 1918300047. Skipping...
2024-11-14 13:39:38 | INFO | serial_id: 19183 valid 시리얼 없음
2024-11-14 13:39:40 | INFO | No Data from first serial No: 1918400047. Skipping...
2024-11-14 13:39:45 | INFO | serial_id: 19184 valid 시리얼 없음
2024-11-14 13:39:47 | INFO | No Data from first serial No: 1918500047. Skipping...
2024-11-14 13:39:52 | INFO | serial_id: 19185 valid 시리얼 없음
2024-11-14 13:39:55 | INFO | No Data from first serial No: 1918600047. Skipping...
2024-11-14 13:40:00 | INFO | serial_id: 19186 valid 시리얼 없음
2024-11-14 13:40:02 | INFO | No Data from first serial No: 1918700047. Skipping...
2024-11-14 13:40:07 | INFO | serial_id: 19187 valid 시리얼 없음
2024-11-14 13:40:09 | INFO | No Data from first serial No: 1918800047. Skipping...
2024-11-14 13:40:14 | INFO | serial_id: 19188 valid 시리얼 없음
2024-11-14 13:40:16 | INFO | No Data from first serial No: 1918900047. Skipping...
2024-11-14 13:40:21 | INFO | serial_id: 19189 valid 시리얼 없음
2024-11-14 13:40:23 | INFO | No Data from first serial No: 1919000047. Skipping...
2024-11-14 13:40:28 | INFO | serial_id: 19190 valid 시리얼 없음
2024-11-14 13:40:31 | INFO | No Data from first serial No: 1919100047. Skipping...
2024-11-14 13:40:36 | INFO | serial_id: 19191 valid 시리얼 없음
2024-11-14 13:40:38 | INFO | No Data from first serial No: 1919200047. Skipping...
2024-11-14 13:40:43 | INFO | serial_id: 19192 valid 시리얼 없음
2024-11-14 13:40:45 | INFO | No Data from first serial No: 1919300047. Skipping...
2024-11-14 13:40:50 | INFO | serial_id: 19193 valid 시리얼 없음
2024-11-14 13:40:52 | INFO | No Data from first serial No: 1919400047. Skipping...
2024-11-14 13:40:57 | INFO | serial_id: 19194 valid 시리얼 없음
2024-11-14 13:40:59 | INFO | No Data from first serial No: 1919500047. Skipping...
2024-11-14 13:41:04 | INFO | serial_id: 19195 valid 시리얼 없음
2024-11-14 13:41:07 | INFO | No Data from first serial No: 1919600047. Skipping...
2024-11-14 13:41:12 | INFO | serial_id: 19196 valid 시리얼 없음
2024-11-14 13:41:14 | INFO | No Data from first serial No: 1919700047. Skipping...
2024-11-14 13:41:19 | INFO | serial_id: 19197 valid 시리얼 없음
2024-11-14 13:41:21 | INFO | No Data from first serial No: 1919800047. Skipping...
2024-11-14 13:41:26 | INFO | serial_id: 19198 valid 시리얼 없음
2024-11-14 13:41:28 | INFO | No Data from first serial No: 1919900047. Skipping...
2024-11-14 13:41:33 | INFO | serial_id: 19199 valid 시리얼 없음
2024-11-14 13:41:35 | INFO | No Data from first serial No: 1920000047. Skipping...
2024-11-14 13:41:40 | INFO | serial_id: 19200 valid 시리얼 없음
2024-11-14 13:41:42 | INFO | No Data from first serial No: 1920100047. Skipping...
2024-11-14 13:41:47 | INFO | serial_id: 19201 valid 시리얼 없음
2024-11-14 13:41:50 | INFO | No Data from first serial No: 1920200047. Skipping...
2024-11-14 13:41:55 | INFO | serial_id: 19202 valid 시리얼 없음
2024-11-14 13:41:57 | INFO | No Data from first serial No: 1920300047. Skipping...
2024-11-14 13:42:02 | INFO | serial_id: 19203 valid 시리얼 없음
2024-11-14 13:42:04 | INFO | No Data from first serial No: 1920400047. Skipping...
2024-11-14 13:42:09 | INFO | serial_id: 19204 valid 시리얼 없음
2024-11-14 13:42:11 | INFO | No Data from first serial No: 1920500047. Skipping...
2024-11-14 13:42:16 | INFO | serial_id: 19205 valid 시리얼 없음
2024-11-14 13:42:18 | INFO | No Data from first serial No: 1920600047. Skipping...
2024-11-14 13:42:23 | INFO | serial_id: 19206 valid 시리얼 없음
2024-11-14 13:42:26 | INFO | No Data from first serial No: 1920700047. Skipping...
2024-11-14 13:42:31 | INFO | serial_id: 19207 valid 시리얼 없음
2024-11-14 13:42:33 | INFO | No Data from first serial No: 1920800047. Skipping...
2024-11-14 13:42:38 | INFO | serial_id: 19208 valid 시리얼 없음
2024-11-14 13:42:40 | INFO | No Data from first serial No: 1920900047. Skipping...
2024-11-14 13:42:45 | INFO | serial_id: 19209 valid 시리얼 없음
2024-11-14 13:42:47 | INFO | No Data from first serial No: 1921000047. Skipping...
2024-11-14 13:42:52 | INFO | serial_id: 19210 valid 시리얼 없음
2024-11-14 13:42:54 | INFO | No Data from first serial No: 1921100047. Skipping...
2024-11-14 13:42:59 | INFO | serial_id: 19211 valid 시리얼 없음
2024-11-14 13:43:02 | INFO | No Data from first serial No: 1921200047. Skipping...
2024-11-14 13:43:07 | INFO | serial_id: 19212 valid 시리얼 없음
2024-11-14 13:43:09 | INFO | No Data from first serial No: 1921300047. Skipping...
2024-11-14 13:43:14 | INFO | serial_id: 19213 valid 시리얼 없음
2024-11-14 13:43:16 | INFO | No Data from first serial No: 1921400047. Skipping...
2024-11-14 13:43:21 | INFO | serial_id: 19214 valid 시리얼 없음
2024-11-14 13:43:23 | INFO | No Data from first serial No: 1921500047. Skipping...
2024-11-14 13:43:28 | INFO | serial_id: 19215 valid 시리얼 없음
2024-11-14 13:43:31 | INFO | No Data from first serial No: 1921600047. Skipping...
2024-11-14 13:43:36 | INFO | serial_id: 19216 valid 시리얼 없음
2024-11-14 13:43:38 | INFO | No Data from first serial No: 1921700047. Skipping...
2024-11-14 13:43:43 | INFO | serial_id: 19217 valid 시리얼 없음
2024-11-14 13:43:45 | INFO | No Data from first serial No: 1921800047. Skipping...
2024-11-14 13:43:50 | INFO | serial_id: 19218 valid 시리얼 없음
2024-11-14 13:43:52 | INFO | No Data from first serial No: 1921900047. Skipping...
2024-11-14 13:43:57 | INFO | serial_id: 19219 valid 시리얼 없음
2024-11-14 13:43:59 | INFO | No Data from first serial No: 1922000047. Skipping...
2024-11-14 13:44:04 | INFO | serial_id: 19220 valid 시리얼 없음
2024-11-14 13:44:06 | INFO | No Data from first serial No: 1922100047. Skipping...
2024-11-14 13:44:11 | INFO | serial_id: 19221 valid 시리얼 없음
2024-11-14 13:44:14 | INFO | No Data from first serial No: 1922200047. Skipping...
2024-11-14 13:44:19 | INFO | serial_id: 19222 valid 시리얼 없음
2024-11-14 13:44:21 | INFO | No Data from first serial No: 1922300047. Skipping...
2024-11-14 13:44:26 | INFO | serial_id: 19223 valid 시리얼 없음
2024-11-14 13:44:28 | INFO | No Data from first serial No: 1922400047. Skipping...
2024-11-14 13:44:33 | INFO | serial_id: 19224 valid 시리얼 없음
2024-11-14 13:44:35 | INFO | No Data from first serial No: 1922500047. Skipping...
2024-11-14 13:44:40 | INFO | serial_id: 19225 valid 시리얼 없음
2024-11-14 13:44:42 | INFO | No Data from first serial No: 1922600047. Skipping...
2024-11-14 13:44:47 | INFO | serial_id: 19226 valid 시리얼 없음
2024-11-14 13:44:50 | INFO | No Data from first serial No: 1922700047. Skipping...
2024-11-14 13:44:55 | INFO | serial_id: 19227 valid 시리얼 없음
2024-11-14 13:44:57 | INFO | No Data from first serial No: 1922800047. Skipping...
2024-11-14 13:45:02 | INFO | serial_id: 19228 valid 시리얼 없음
2024-11-14 13:45:04 | INFO | No Data from first serial No: 1922900047. Skipping...
2024-11-14 13:45:09 | INFO | serial_id: 19229 valid 시리얼 없음
2024-11-14 13:45:11 | INFO | No Data from first serial No: 1923000047. Skipping...
2024-11-14 13:45:16 | INFO | serial_id: 19230 valid 시리얼 없음
2024-11-14 13:45:18 | INFO | No Data from first serial No: 1923100047. Skipping...
2024-11-14 13:45:23 | INFO | serial_id: 19231 valid 시리얼 없음
2024-11-14 13:45:25 | INFO | No Data from first serial No: 1923200047. Skipping...
2024-11-14 13:45:30 | INFO | serial_id: 19232 valid 시리얼 없음
2024-11-14 13:45:33 | INFO | No Data from first serial No: 1923300047. Skipping...
2024-11-14 13:45:38 | INFO | serial_id: 19233 valid 시리얼 없음
2024-11-14 13:45:40 | INFO | No Data from first serial No: 1923400047. Skipping...
2024-11-14 13:45:45 | INFO | serial_id: 19234 valid 시리얼 없음
2024-11-14 13:45:47 | INFO | No Data from first serial No: 1923500047. Skipping...
2024-11-14 13:45:52 | INFO | serial_id: 19235 valid 시리얼 없음
2024-11-14 13:45:54 | INFO | No Data from first serial No: 1923600047. Skipping...
2024-11-14 13:45:59 | INFO | serial_id: 19236 valid 시리얼 없음
2024-11-14 13:46:01 | INFO | No Data from first serial No: 1923700047. Skipping...
2024-11-14 13:46:06 | INFO | serial_id: 19237 valid 시리얼 없음
2024-11-14 13:46:09 | INFO | No Data from first serial No: 1923800047. Skipping...
2024-11-14 13:46:14 | INFO | serial_id: 19238 valid 시리얼 없음
2024-11-14 13:46:16 | INFO | No Data from first serial No: 1923900047. Skipping...
2024-11-14 13:46:21 | INFO | serial_id: 19239 valid 시리얼 없음
2024-11-14 13:46:23 | INFO | No Data from first serial No: 1924000047. Skipping...
2024-11-14 13:46:28 | INFO | serial_id: 19240 valid 시리얼 없음
2024-11-14 13:46:30 | INFO | No Data from first serial No: 1924100047. Skipping...
2024-11-14 13:46:35 | INFO | serial_id: 19241 valid 시리얼 없음
2024-11-14 13:46:37 | INFO | No Data from first serial No: 1924200047. Skipping...
2024-11-14 13:46:42 | INFO | serial_id: 19242 valid 시리얼 없음
2024-11-14 13:46:44 | INFO | No Data from first serial No: 1924300047. Skipping...
2024-11-14 13:46:49 | INFO | serial_id: 19243 valid 시리얼 없음
2024-11-14 13:46:52 | INFO | No Data from first serial No: 1924400047. Skipping...
2024-11-14 13:46:57 | INFO | serial_id: 19244 valid 시리얼 없음
2024-11-14 13:46:59 | INFO | No Data from first serial No: 1924500047. Skipping...
2024-11-14 13:47:04 | INFO | serial_id: 19245 valid 시리얼 없음
2024-11-14 13:47:06 | INFO | No Data from first serial No: 1924600047. Skipping...
2024-11-14 13:47:11 | INFO | serial_id: 19246 valid 시리얼 없음
2024-11-14 13:47:13 | INFO | No Data from first serial No: 1924700047. Skipping...
2024-11-14 13:47:18 | INFO | serial_id: 19247 valid 시리얼 없음
2024-11-14 13:47:20 | INFO | No Data from first serial No: 1924800047. Skipping...
2024-11-14 13:47:25 | INFO | serial_id: 19248 valid 시리얼 없음
2024-11-14 13:47:28 | INFO | No Data from first serial No: 1924900047. Skipping...
2024-11-14 13:47:33 | INFO | serial_id: 19249 valid 시리얼 없음
2024-11-14 13:47:35 | INFO | No Data from first serial No: 1925000047. Skipping...
2024-11-14 13:47:40 | INFO | serial_id: 19250 valid 시리얼 없음
2024-11-14 13:47:42 | INFO | No Data from first serial No: 1925100047. Skipping...
2024-11-14 13:47:47 | INFO | serial_id: 19251 valid 시리얼 없음
2024-11-14 13:47:49 | INFO | No Data from first serial No: 1925200047. Skipping...
2024-11-14 13:47:54 | INFO | serial_id: 19252 valid 시리얼 없음
2024-11-14 13:47:56 | INFO | No Data from first serial No: 1925300047. Skipping...
2024-11-14 13:48:01 | INFO | serial_id: 19253 valid 시리얼 없음
2024-11-14 13:48:03 | INFO | No Data from first serial No: 1925400047. Skipping...
2024-11-14 13:48:09 | INFO | serial_id: 19254 valid 시리얼 없음
2024-11-14 13:48:11 | INFO | No Data from first serial No: 1925500047. Skipping...
2024-11-14 13:48:16 | INFO | serial_id: 19255 valid 시리얼 없음
2024-11-14 13:48:18 | INFO | No Data from first serial No: 1925600047. Skipping...
2024-11-14 13:48:23 | INFO | serial_id: 19256 valid 시리얼 없음
2024-11-14 13:48:25 | INFO | No Data from first serial No: 1925700047. Skipping...
2024-11-14 13:48:30 | INFO | serial_id: 19257 valid 시리얼 없음
2024-11-14 13:48:32 | INFO | No Data from first serial No: 1925800047. Skipping...
2024-11-14 13:48:37 | INFO | serial_id: 19258 valid 시리얼 없음
2024-11-14 13:48:39 | INFO | No Data from first serial No: 1925900047. Skipping...
2024-11-14 13:48:44 | INFO | serial_id: 19259 valid 시리얼 없음
2024-11-14 13:48:47 | INFO | No Data from first serial No: 1926000047. Skipping...
2024-11-14 13:48:52 | INFO | serial_id: 19260 valid 시리얼 없음
2024-11-14 13:48:54 | INFO | No Data from first serial No: 1926100047. Skipping...
2024-11-14 13:48:59 | INFO | serial_id: 19261 valid 시리얼 없음
2024-11-14 13:49:01 | INFO | No Data from first serial No: 1926200047. Skipping...
2024-11-14 13:49:06 | INFO | serial_id: 19262 valid 시리얼 없음
2024-11-14 13:49:08 | INFO | No Data from first serial No: 1926300047. Skipping...
2024-11-14 13:49:13 | INFO | serial_id: 19263 valid 시리얼 없음
2024-11-14 13:49:15 | INFO | No Data from first serial No: 1926400047. Skipping...
2024-11-14 13:49:20 | INFO | serial_id: 19264 valid 시리얼 없음
2024-11-14 13:49:23 | INFO | No Data from first serial No: 1926500047. Skipping...
2024-11-14 13:49:28 | INFO | serial_id: 19265 valid 시리얼 없음
2024-11-14 13:49:30 | INFO | No Data from first serial No: 1926600047. Skipping...
2024-11-14 13:49:35 | INFO | serial_id: 19266 valid 시리얼 없음
2024-11-14 13:49:37 | INFO | No Data from first serial No: 1926700047. Skipping...
2024-11-14 13:49:42 | INFO | serial_id: 19267 valid 시리얼 없음
2024-11-14 13:49:44 | INFO | No Data from first serial No: 1926800047. Skipping...
2024-11-14 13:49:50 | INFO | serial_id: 19268 valid 시리얼 없음
2024-11-14 13:49:52 | INFO | No Data from first serial No: 1926900047. Skipping...
2024-11-14 13:49:57 | INFO | serial_id: 19269 valid 시리얼 없음
2024-11-14 13:49:59 | INFO | No Data from first serial No: 1927000047. Skipping...
2024-11-14 13:50:04 | INFO | serial_id: 19270 valid 시리얼 없음
2024-11-14 13:50:06 | INFO | No Data from first serial No: 1927100047. Skipping...
2024-11-14 13:50:11 | INFO | serial_id: 19271 valid 시리얼 없음
2024-11-14 13:50:13 | INFO | No Data from first serial No: 1927200047. Skipping...
2024-11-14 13:50:18 | INFO | serial_id: 19272 valid 시리얼 없음
2024-11-14 13:50:21 | INFO | No Data from first serial No: 1927300047. Skipping...
2024-11-14 13:50:26 | INFO | serial_id: 19273 valid 시리얼 없음
2024-11-14 13:50:28 | INFO | No Data from first serial No: 1927400047. Skipping...
2024-11-14 13:50:33 | INFO | serial_id: 19274 valid 시리얼 없음
2024-11-14 13:50:35 | INFO | No Data from first serial No: 1927500047. Skipping...
2024-11-14 13:50:40 | INFO | serial_id: 19275 valid 시리얼 없음
2024-11-14 13:50:42 | INFO | No Data from first serial No: 1927600047. Skipping...
2024-11-14 13:50:47 | INFO | serial_id: 19276 valid 시리얼 없음
2024-11-14 13:50:49 | INFO | No Data from first serial No: 1927700047. Skipping...
2024-11-14 13:50:54 | INFO | serial_id: 19277 valid 시리얼 없음
2024-11-14 13:50:57 | INFO | No Data from first serial No: 1927800047. Skipping...
2024-11-14 13:51:02 | INFO | serial_id: 19278 valid 시리얼 없음
2024-11-14 13:51:04 | INFO | No Data from first serial No: 1927900047. Skipping...
2024-11-14 13:51:09 | INFO | serial_id: 19279 valid 시리얼 없음
2024-11-14 13:51:11 | INFO | No Data from first serial No: 1928000047. Skipping...
2024-11-14 13:51:16 | INFO | serial_id: 19280 valid 시리얼 없음
2024-11-14 13:51:18 | INFO | No Data from first serial No: 1928100047. Skipping...
2024-11-14 13:51:23 | INFO | serial_id: 19281 valid 시리얼 없음
2024-11-14 13:51:26 | INFO | No Data from first serial No: 1928200047. Skipping...
2024-11-14 13:51:31 | INFO | serial_id: 19282 valid 시리얼 없음
2024-11-14 13:51:33 | INFO | No Data from first serial No: 1928300047. Skipping...
2024-11-14 13:51:38 | INFO | serial_id: 19283 valid 시리얼 없음
2024-11-14 13:51:40 | INFO | No Data from first serial No: 1928400047. Skipping...
2024-11-14 13:51:45 | INFO | serial_id: 19284 valid 시리얼 없음
2024-11-14 13:51:47 | INFO | No Data from first serial No: 1928500047. Skipping...
2024-11-14 13:51:52 | INFO | serial_id: 19285 valid 시리얼 없음
2024-11-14 13:51:54 | INFO | No Data from first serial No: 1928600047. Skipping...
2024-11-14 13:51:59 | INFO | serial_id: 19286 valid 시리얼 없음
2024-11-14 13:52:02 | INFO | No Data from first serial No: 1928700047. Skipping...
2024-11-14 13:52:07 | INFO | serial_id: 19287 valid 시리얼 없음
2024-11-14 13:52:09 | INFO | No Data from first serial No: 1928800047. Skipping...
2024-11-14 13:52:14 | INFO | serial_id: 19288 valid 시리얼 없음
2024-11-14 13:52:16 | INFO | No Data from first serial No: 1928900047. Skipping...
2024-11-14 13:52:21 | INFO | serial_id: 19289 valid 시리얼 없음
2024-11-14 13:52:23 | INFO | No Data from first serial No: 1929000047. Skipping...
2024-11-14 13:52:28 | INFO | serial_id: 19290 valid 시리얼 없음
2024-11-14 13:52:30 | INFO | No Data from first serial No: 1929100047. Skipping...
2024-11-14 13:52:35 | INFO | serial_id: 19291 valid 시리얼 없음
2024-11-14 13:52:38 | INFO | No Data from first serial No: 1929200047. Skipping...
2024-11-14 13:52:43 | INFO | serial_id: 19292 valid 시리얼 없음
2024-11-14 13:52:45 | INFO | No Data from first serial No: 1929300047. Skipping...
2024-11-14 13:52:50 | INFO | serial_id: 19293 valid 시리얼 없음
2024-11-14 13:52:52 | INFO | No Data from first serial No: 1929400047. Skipping...
2024-11-14 13:52:57 | INFO | serial_id: 19294 valid 시리얼 없음
2024-11-14 13:52:59 | INFO | No Data from first serial No: 1929500047. Skipping...
2024-11-14 13:53:04 | INFO | serial_id: 19295 valid 시리얼 없음
2024-11-14 13:53:06 | INFO | No Data from first serial No: 1929600047. Skipping...
2024-11-14 13:53:11 | INFO | serial_id: 19296 valid 시리얼 없음
2024-11-14 13:53:13 | INFO | No Data from first serial No: 1929700047. Skipping...
2024-11-14 13:53:18 | INFO | serial_id: 19297 valid 시리얼 없음
2024-11-14 13:53:21 | INFO | No Data from first serial No: 1929800047. Skipping...
2024-11-14 13:53:26 | INFO | serial_id: 19298 valid 시리얼 없음
2024-11-14 13:53:28 | INFO | No Data from first serial No: 1929900047. Skipping...
2024-11-14 13:53:33 | INFO | serial_id: 19299 valid 시리얼 없음
2024-11-14 13:53:35 | INFO | No Data from first serial No: 1930000047. Skipping...
2024-11-14 13:53:40 | INFO | serial_id: 19300 valid 시리얼 없음
2024-11-14 14:14:11 | INFO | 데이터 저장 완료: serial_id: 19080 최종 valid 시리얼: 130 최종 시리얼 ID: 19080130 시도 횟수: 17
2024-11-14 14:14:11 | ERROR | Error in send_patrol: No password or public key available!
2024-11-14 14:24:56 | INFO | No Data from first serial No: 1930000047. Skipping...
2024-11-14 14:25:01 | INFO | serial_id: 19300 valid 시리얼 없음
2024-11-14 14:25:04 | INFO | No Data from first serial No: 1930100047. Skipping...
2024-11-14 14:25:09 | INFO | serial_id: 19301 valid 시리얼 없음
2024-11-14 14:25:11 | INFO | No Data from first serial No: 1930200047. Skipping...
2024-11-14 14:25:16 | INFO | serial_id: 19302 valid 시리얼 없음
2024-11-14 14:25:18 | INFO | No Data from first serial No: 1930300047. Skipping...
2024-11-14 14:25:23 | INFO | serial_id: 19303 valid 시리얼 없음
2024-11-14 14:25:25 | INFO | No Data from first serial No: 1930400047. Skipping...
2024-11-14 14:25:30 | INFO | serial_id: 19304 valid 시리얼 없음
2024-11-14 14:25:33 | INFO | No Data from first serial No: 1930500047. Skipping...
2024-11-14 14:25:38 | INFO | serial_id: 19305 valid 시리얼 없음
2024-11-14 14:25:40 | INFO | No Data from first serial No: 1930600047. Skipping...
2024-11-14 14:25:45 | INFO | serial_id: 19306 valid 시리얼 없음
2024-11-14 14:25:47 | INFO | No Data from first serial No: 1930700047. Skipping...
2024-11-14 14:25:52 | INFO | serial_id: 19307 valid 시리얼 없음
2024-11-14 14:25:54 | INFO | No Data from first serial No: 1930800047. Skipping...
2024-11-14 14:25:59 | INFO | serial_id: 19308 valid 시리얼 없음
2024-11-14 14:26:01 | INFO | No Data from first serial No: 1930900047. Skipping...
2024-11-14 14:26:06 | INFO | serial_id: 19309 valid 시리얼 없음
2024-11-14 14:26:09 | INFO | No Data from first serial No: 1931000047. Skipping...
2024-11-14 14:26:14 | INFO | serial_id: 19310 valid 시리얼 없음
2024-11-14 14:26:16 | INFO | No Data from first serial No: 1931100047. Skipping...
2024-11-14 14:26:21 | INFO | serial_id: 19311 valid 시리얼 없음
2024-11-14 14:26:23 | INFO | No Data from first serial No: 1931200047. Skipping...
2024-11-14 14:26:28 | INFO | serial_id: 19312 valid 시리얼 없음
2024-11-14 14:26:30 | INFO | No Data from first serial No: 1931300047. Skipping...
2024-11-14 14:26:35 | INFO | serial_id: 19313 valid 시리얼 없음
